Running: ./PmergeMe 250
Argument count: 1
❌ Exit status: 1
-----------------------------
Running: ./PmergeMe 250 249
Argument count: 2
✅ Exit status: 0
-----------------------------
Running: ./PmergeMe 250 249 248
Argument count: 3
✅ Exit status: 0
-----------------------------
Running: ./PmergeMe 250 249 248 247
Argument count: 4
✅ Exit status: 0
-----------------------------
Running: ./PmergeMe 250 249 248 247 246
Argument count: 5
✅ Exit status: 0
-----------------------------
Running: ./PmergeMe 250 249 248 247 246 245
Argument count: 6
✅ Exit status: 0
-----------------------------
Running: ./PmergeMe 250 249 248 247 246 245 244
Argument count: 7
✅ Exit status: 0
-----------------------------
Running: ./PmergeMe 250 249 248 247 246 245 244 243
Argument count: 8
✅ Exit status: 0
-----------------------------
Running: ./PmergeMe 250 249 248 247 246 245 244 243 242
Argument count: 9
✅ Exit status: 0
-----------------------------
Running: ./PmergeMe 250 249 248 247 246 245 244 243 242 241
Argument count: 10
✅ Exit status: 0
-----------------------------
Running: ./PmergeMe 250 249 248 247 246 245 244 243 242 241 240
Argument count: 11
✅ Exit status: 0
-----------------------------
Running: ./PmergeMe 250 249 248 247 246 245 244 243 242 241 240 239
Argument count: 12
✅ Exit status: 0
-----------------------------
Running: ./PmergeMe 250 249 248 247 246 245 244 243 242 241 240 239 238
Argument count: 13
✅ Exit status: 0
-----------------------------
Running: ./PmergeMe 250 249 248 247 246 245 244 243 242 241 240 239 238 237
Argument count: 14
✅ Exit status: 0
-----------------------------
Running: ./PmergeMe 250 249 248 247 246 245 244 243 242 241 240 239 238 237 236
Argument count: 15
✅ Exit status: 0
-----------------------------
Running: ./PmergeMe 250 249 248 247 246 245 244 243 242 241 240 239 238 237 236 235
Argument count: 16
✅ Exit status: 0
-----------------------------
Running: ./PmergeMe 250 249 248 247 246 245 244 243 242 241 240 239 238 237 236 235 234
Argument count: 17
✅ Exit status: 0
-----------------------------
Running: ./PmergeMe 250 249 248 247 246 245 244 243 242 241 240 239 238 237 236 235 234 233
Argument count: 18
✅ Exit status: 0
-----------------------------
Running: ./PmergeMe 250 249 248 247 246 245 244 243 242 241 240 239 238 237 236 235 234 233 232
Argument count: 19
✅ Exit status: 0
-----------------------------
Running: ./PmergeMe 250 249 248 247 246 245 244 243 242 241 240 239 238 237 236 235 234 233 232 231
Argument count: 20
✅ Exit status: 0
-----------------------------
Running: ./PmergeMe 250 249 248 247 246 245 244 243 242 241 240 239 238 237 236 235 234 233 232 231 230
Argument count: 21
✅ Exit status: 0
-----------------------------
Running: ./PmergeMe 250 249 248 247 246 245 244 243 242 241 240 239 238 237 236 235 234 233 232 231 230 229
Argument count: 22
✅ Exit status: 0
-----------------------------
Running: ./PmergeMe 250 249 248 247 246 245 244 243 242 241 240 239 238 237 236 235 234 233 232 231 230 229 228
Argument count: 23
✅ Exit status: 0
-----------------------------
Running: ./PmergeMe 250 249 248 247 246 245 244 243 242 241 240 239 238 237 236 235 234 233 232 231 230 229 228 227
Argument count: 24
✅ Exit status: 0
-----------------------------
Running: ./PmergeMe 250 249 248 247 246 245 244 243 242 241 240 239 238 237 236 235 234 233 232 231 230 229 228 227 226
Argument count: 25
✅ Exit status: 0
-----------------------------
Running: ./PmergeMe 250 249 248 247 246 245 244 243 242 241 240 239 238 237 236 235 234 233 232 231 230 229 228 227 226 225
Argument count: 26
✅ Exit status: 0
-----------------------------
Running: ./PmergeMe 250 249 248 247 246 245 244 243 242 241 240 239 238 237 236 235 234 233 232 231 230 229 228 227 226 225 224
Argument count: 27
✅ Exit status: 0
-----------------------------
Running: ./PmergeMe 250 249 248 247 246 245 244 243 242 241 240 239 238 237 236 235 234 233 232 231 230 229 228 227 226 225 224 223
Argument count: 28
✅ Exit status: 0
-----------------------------
Running: ./PmergeMe 250 249 248 247 246 245 244 243 242 241 240 239 238 237 236 235 234 233 232 231 230 229 228 227 226 225 224 223 222
Argument count: 29
✅ Exit status: 0
-----------------------------
Running: ./PmergeMe 250 249 248 247 246 245 244 243 242 241 240 239 238 237 236 235 234 233 232 231 230 229 228 227 226 225 224 223 222 221
Argument count: 30
✅ Exit status: 0
-----------------------------
Running: ./PmergeMe 250 249 248 247 246 245 244 243 242 241 240 239 238 237 236 235 234 233 232 231 230 229 228 227 226 225 224 223 222 221 220
Argument count: 31
✅ Exit status: 0
-----------------------------
Running: ./PmergeMe 250 249 248 247 246 245 244 243 242 241 240 239 238 237 236 235 234 233 232 231 230 229 228 227 226 225 224 223 222 221 220 219
Argument count: 32
✅ Exit status: 0
-----------------------------
Running: ./PmergeMe 250 249 248 247 246 245 244 243 242 241 240 239 238 237 236 235 234 233 232 231 230 229 228 227 226 225 224 223 222 221 220 219 218
Argument count: 33
✅ Exit status: 0
-----------------------------
Running: ./PmergeMe 250 249 248 247 246 245 244 243 242 241 240 239 238 237 236 235 234 233 232 231 230 229 228 227 226 225 224 223 222 221 220 219 218 217
Argument count: 34
✅ Exit status: 0
-----------------------------
Running: ./PmergeMe 250 249 248 247 246 245 244 243 242 241 240 239 238 237 236 235 234 233 232 231 230 229 228 227 226 225 224 223 222 221 220 219 218 217 216
Argument count: 35
✅ Exit status: 0
-----------------------------
Running: ./PmergeMe 250 249 248 247 246 245 244 243 242 241 240 239 238 237 236 235 234 233 232 231 230 229 228 227 226 225 224 223 222 221 220 219 218 217 216 215
Argument count: 36
✅ Exit status: 0
-----------------------------
Running: ./PmergeMe 250 249 248 247 246 245 244 243 242 241 240 239 238 237 236 235 234 233 232 231 230 229 228 227 226 225 224 223 222 221 220 219 218 217 216 215 214
Argument count: 37
✅ Exit status: 0
-----------------------------
Running: ./PmergeMe 250 249 248 247 246 245 244 243 242 241 240 239 238 237 236 235 234 233 232 231 230 229 228 227 226 225 224 223 222 221 220 219 218 217 216 215 214 213
Argument count: 38
✅ Exit status: 0
-----------------------------
Running: ./PmergeMe 250 249 248 247 246 245 244 243 242 241 240 239 238 237 236 235 234 233 232 231 230 229 228 227 226 225 224 223 222 221 220 219 218 217 216 215 214 213 212
Argument count: 39
✅ Exit status: 0
-----------------------------
Running: ./PmergeMe 250 249 248 247 246 245 244 243 242 241 240 239 238 237 236 235 234 233 232 231 230 229 228 227 226 225 224 223 222 221 220 219 218 217 216 215 214 213 212 211
Argument count: 40
✅ Exit status: 0
-----------------------------
Running: ./PmergeMe 250 249 248 247 246 245 244 243 242 241 240 239 238 237 236 235 234 233 232 231 230 229 228 227 226 225 224 223 222 221 220 219 218 217 216 215 214 213 212 211 210
Argument count: 41
✅ Exit status: 0
-----------------------------
Running: ./PmergeMe 250 249 248 247 246 245 244 243 242 241 240 239 238 237 236 235 234 233 232 231 230 229 228 227 226 225 224 223 222 221 220 219 218 217 216 215 214 213 212 211 210 209
Argument count: 42
✅ Exit status: 0
-----------------------------
Running: ./PmergeMe 250 249 248 247 246 245 244 243 242 241 240 239 238 237 236 235 234 233 232 231 230 229 228 227 226 225 224 223 222 221 220 219 218 217 216 215 214 213 212 211 210 209 208
Argument count: 43
✅ Exit status: 0
-----------------------------
Running: ./PmergeMe 250 249 248 247 246 245 244 243 242 241 240 239 238 237 236 235 234 233 232 231 230 229 228 227 226 225 224 223 222 221 220 219 218 217 216 215 214 213 212 211 210 209 208 207
Argument count: 44
✅ Exit status: 0
-----------------------------
Running: ./PmergeMe 250 249 248 247 246 245 244 243 242 241 240 239 238 237 236 235 234 233 232 231 230 229 228 227 226 225 224 223 222 221 220 219 218 217 216 215 214 213 212 211 210 209 208 207 206
Argument count: 45
✅ Exit status: 0
-----------------------------
Running: ./PmergeMe 250 249 248 247 246 245 244 243 242 241 240 239 238 237 236 235 234 233 232 231 230 229 228 227 226 225 224 223 222 221 220 219 218 217 216 215 214 213 212 211 210 209 208 207 206 205
Argument count: 46
✅ Exit status: 0
-----------------------------
Running: ./PmergeMe 250 249 248 247 246 245 244 243 242 241 240 239 238 237 236 235 234 233 232 231 230 229 228 227 226 225 224 223 222 221 220 219 218 217 216 215 214 213 212 211 210 209 208 207 206 205 204
Argument count: 47
✅ Exit status: 0
-----------------------------
Running: ./PmergeMe 250 249 248 247 246 245 244 243 242 241 240 239 238 237 236 235 234 233 232 231 230 229 228 227 226 225 224 223 222 221 220 219 218 217 216 215 214 213 212 211 210 209 208 207 206 205 204 203
Argument count: 48
✅ Exit status: 0
-----------------------------
Running: ./PmergeMe 250 249 248 247 246 245 244 243 242 241 240 239 238 237 236 235 234 233 232 231 230 229 228 227 226 225 224 223 222 221 220 219 218 217 216 215 214 213 212 211 210 209 208 207 206 205 204 203 202
Argument count: 49
✅ Exit status: 0
-----------------------------
Running: ./PmergeMe 250 249 248 247 246 245 244 243 242 241 240 239 238 237 236 235 234 233 232 231 230 229 228 227 226 225 224 223 222 221 220 219 218 217 216 215 214 213 212 211 210 209 208 207 206 205 204 203 202 201
Argument count: 50
✅ Exit status: 0
-----------------------------
Running: ./PmergeMe 250 249 248 247 246 245 244 243 242 241 240 239 238 237 236 235 234 233 232 231 230 229 228 227 226 225 224 223 222 221 220 219 218 217 216 215 214 213 212 211 210 209 208 207 206 205 204 203 202 201 200
Argument count: 51
✅ Exit status: 0
-----------------------------
